[debug] [2025-05-19T09:18:35.077Z] ----------------------------------------------------------------------
[debug] [2025-05-19T09:18:35.081Z] Command:       C:\Program Files\nodejs\node.exe C:\Users\ghimi\AppData\Roaming\npm\node_modules\firebase-tools\lib\bin\firebase.js init
[debug] [2025-05-19T09:18:35.083Z] CLI Version:   14.4.0
[debug] [2025-05-19T09:18:35.083Z] Platform:      win32
[debug] [2025-05-19T09:18:35.083Z] Node Version:  v22.15.0
[debug] [2025-05-19T09:18:35.084Z] Time:          Mon May 19 2025 15:03:35 GMT+0545 (Nepal Time)
[debug] [2025-05-19T09:18:35.084Z] ----------------------------------------------------------------------
[debug] 
[debug] [2025-05-19T09:18:35.474Z] > command requires scopes: ["email","openid","https://www.googleapis.com/auth/cloudplatformprojects.readonly","https://www.googleapis.com/auth/firebase","https://www.googleapis.com/auth/cloud-platform"]
[debug] [2025-05-19T09:18:35.475Z] > authorizing via signed-in user (nishamghimire5@gmail.com)
[info] 
     ######## #### ########  ######## ########     ###     ######  ########
     ##        ##  ##     ## ##       ##     ##  ##   ##  ##       ##
     ######    ##  ########  ######   ########  #########  ######  ######
     ##        ##  ##    ##  ##       ##     ## ##     ##       ## ##
     ##       #### ##     ## ######## ########  ##     ##  ######  ########

You're about to initialize a Firebase project in this directory:

  N:\DataMaestro2

Before we get started, keep in mind:

  * You are initializing within an existing Firebase project directory

[debug] [2025-05-19T09:19:04.129Z] ExitPromptError: User force closed the prompt with SIGINT
    at Interface.sigint (C:\Users\ghimi\AppData\Roaming\npm\node_modules\firebase-tools\node_modules\@inquirer\core\dist\commonjs\lib\create-prompt.js:100:37)
    at Interface.emit (node:events:518:28)
    at Interface.emit (node:domain:489:12)
    at [_ttyWrite] [as _ttyWrite] (node:internal/readline/interface:1128:18)
    at ReadStream.onkeypress (node:internal/readline/interface:267:20)
    at ReadStream.emit (node:events:530:35)
    at ReadStream.emit (node:domain:489:12)
    at emitKeys (node:internal/readline/utils:370:14)
    at emitKeys.next (<anonymous>)
    at ReadStream.onData (node:internal/readline/emitKeypressEvents:64:36)
[error] 
[error] Error: An unexpected error has occurred.
